<?xml version="1.0" encoding="UTF-8"?>
<testng-results skipped="0" failed="0" ignored="0" total="1" passed="1">
  <reporter-output>
  </reporter-output>
  <suite name="Default suite" duration-ms="5326" started-at="2023-06-03T11:36:55Z" finished-at="2023-06-03T11:37:00Z">
    <groups>
      <group name="cucumber">
        <method signature="AbstractTestNGCucumberTests.runScenario(io.cucumber.testng.PickleWrapper, io.cucumber.testng.FeatureWrapper)[pri:0, instance:testRunner.RunTest$TestRunner@2a32de6c]" name="runScenario" class="io.cucumber.testng.AbstractTestNGCucumberTests"/>
      </group> <!-- cucumber -->
    </groups>
    <test name="Default test" duration-ms="5326" started-at="2023-06-03T11:36:55Z" finished-at="2023-06-03T11:37:00Z">
      <class name="testRunner.RunTest$TestRunner">
        <test-method status="PASS" signature="setUpClass(org.testng.ITestContext)[pri:0, instance:testRunner.RunTest$TestRunner@2a32de6c]" name="setUpClass" is-config="true" duration-ms="527" started-at="2023-06-03T11:36:55Z" finished-at="2023-06-03T11:36:55Z">
          <params>
            <param index="0">
              <value>
                <![CDATA[org.testng.TestRunner@14efa279]]>
              </value>
            </param>
          </params>
          <reporter-output>
          </reporter-output>
        </test-method> <!-- setUpClass -->
        <test-method status="PASS" signature="runScenario(io.cucumber.testng.PickleWrapper, io.cucumber.testng.FeatureWrapper)[pri:0, instance:testRunner.RunTest$TestRunner@2a32de6c]" name="runScenario" duration-ms="3122" started-at="2023-06-03T11:36:55Z" description="Runs Cucumber Scenarios" data-provider="scenarios" finished-at="2023-06-03T11:36:59Z">
          <params>
            <param index="0">
              <value>
                <![CDATA["verify if place is being sucessfully adding using AddplaceAPI"]]>
              </value>
            </param>
            <param index="1">
              <value>
                <![CDATA["validate GoogleMap API"]]>
              </value>
            </param>
          </params>
          <reporter-output>
          </reporter-output>
        </test-method> <!-- runScenario -->
        <test-method status="PASS" signature="tearDownClass()[pri:0, instance:testRunner.RunTest$TestRunner@2a32de6c]" name="tearDownClass" is-config="true" duration-ms="1659" started-at="2023-06-03T11:36:59Z" finished-at="2023-06-03T11:37:00Z">
          <reporter-output>
          </reporter-output>
        </test-method> <!-- tearDownClass -->
      </class> <!-- testRunner.RunTest$TestRunner -->
    </test> <!-- Default test -->
  </suite> <!-- Default suite -->
</testng-results>
