<?xml version="1.0" encoding="UTF-8"?>
<!-- Generated by org.testng.reporters.JUnitXMLReporter -->
<testsuite hostname="DESKTOP-VCLJA1T" ignored="0" name="Default test" tests="3" failures="0" timestamp="2023-06-04T12:33:09 IST" time="9.25" errors="0">
  <testcase name="testCase1" time="9.071" classname="testcases.Test1"/>
  <testcase name="testCase1" time="9.135" classname="testcases.Test1"/>
  <testcase name="testCase1" time="9.204" classname="testcases.Test1"/>
</testsuite> <!-- Default test -->
